Testing
==============================================================================
	GENERATED QUADS	
  0. :t000	=	97
  1. :c		=	t000
  2. :t001	=	t000
  3. :t002	=	& i
  4. :param	t002
  5. :t003	=	call readInt, 1
  6. :param	i
  7. :t004	=	call printInt, 1
  8. :t005	=	& f
  9. :param	t005
 10. :t006	=	call readFlt, 1
 11. :param	f
 12. :t007	=	call printFlt, 1
==============================================================================Symbol table Maintained For the Given Program

+++++++++++++++++++++++++++++++++++++++++++++++++++++++++++++++++++++++++++++++++++++
Symbol Table : Global
Name	Type	Initial Value	Size	Offset	Nested Table
printInt	int	null		0	0	ptr-to-ST( Global )
readInt	int	null		0	0	ptr-to-ST( Global )
printFlt	double	null		0	0	ptr-to-ST( Global )
readFlt	double	null		0	0	ptr-to-ST( Global )
printStr	int	null		0	0	ptr-to-ST( Global )
main	int	null		0	0	ptr-to-ST( main )

+++++++++++++++++++++++++++++++++++++++++++++++++++++++++++++++++++++++++++++++++++++

+++++++++++++++++++++++++++++++++++++++++++++++++++++++++++++++++++++++++++++++++++++
Symbol Table : Global
Name	Type	Initial Value	Size	Offset	Nested Table
printInt	int	null		0	0	ptr-to-ST( Global )
readInt	int	null		0	0	ptr-to-ST( Global )
printFlt	double	null		0	0	ptr-to-ST( Global )
readFlt	double	null		0	0	ptr-to-ST( Global )
printStr	int	null		0	0	ptr-to-ST( Global )
main	int	null		0	0	ptr-to-ST( main )

+++++++++++++++++++++++++++++++++++++++++++++++++++++++++++++++++++++++++++++++++++++

+++++++++++++++++++++++++++++++++++++++++++++++++++++++++++++++++++++++++++++++++++++
Symbol Table : Global
Name	Type	Initial Value	Size	Offset	Nested Table
printInt	int	null		0	0	ptr-to-ST( Global )
readInt	int	null		0	0	ptr-to-ST( Global )
printFlt	double	null		0	0	ptr-to-ST( Global )
readFlt	double	null		0	0	ptr-to-ST( Global )
printStr	int	null		0	0	ptr-to-ST( Global )
main	int	null		0	0	ptr-to-ST( main )

+++++++++++++++++++++++++++++++++++++++++++++++++++++++++++++++++++++++++++++++++++++

+++++++++++++++++++++++++++++++++++++++++++++++++++++++++++++++++++++++++++++++++++++
Symbol Table : Global
Name	Type	Initial Value	Size	Offset	Nested Table
printInt	int	null		0	0	ptr-to-ST( Global )
readInt	int	null		0	0	ptr-to-ST( Global )
printFlt	double	null		0	0	ptr-to-ST( Global )
readFlt	double	null		0	0	ptr-to-ST( Global )
printStr	int	null		0	0	ptr-to-ST( Global )
main	int	null		0	0	ptr-to-ST( main )

+++++++++++++++++++++++++++++++++++++++++++++++++++++++++++++++++++++++++++++++++++++

+++++++++++++++++++++++++++++++++++++++++++++++++++++++++++++++++++++++++++++++++++++
Symbol Table : Global
Name	Type	Initial Value	Size	Offset	Nested Table
printInt	int	null		0	0	ptr-to-ST( Global )
readInt	int	null		0	0	ptr-to-ST( Global )
printFlt	double	null		0	0	ptr-to-ST( Global )
readFlt	double	null		0	0	ptr-to-ST( Global )
printStr	int	null		0	0	ptr-to-ST( Global )
main	int	null		0	0	ptr-to-ST( main )

+++++++++++++++++++++++++++++++++++++++++++++++++++++++++++++++++++++++++++++++++++++

+++++++++++++++++++++++++++++++++++++++++++++++++++++++++++++++++++++++++++++++++++++
Symbol Table : Global
Name	Type	Initial Value	Size	Offset	Nested Table
printInt	int	null		0	0	ptr-to-ST( Global )
readInt	int	null		0	0	ptr-to-ST( Global )
printFlt	double	null		0	0	ptr-to-ST( Global )
readFlt	double	null		0	0	ptr-to-ST( Global )
printStr	int	null		0	0	ptr-to-ST( Global )
main	int	null		0	0	ptr-to-ST( main )

+++++++++++++++++++++++++++++++++++++++++++++++++++++++++++++++++++++++++++++++++++++

+++++++++++++++++++++++++++++++++++++++++++++++++++++++++++++++++++++++++++++++++++++
Symbol Table : main
Name	Type	Initial Value	Size	Offset	Nested Table
retVal	int	null		4	0	null
i	int	null		4	16	null
f	int	null		4	20	null
c	char	null		1	24	null
t000	char	a		1	25	null
t001	char	null		1	26	null
t002	ptr(int)	null		4	27	null
t003	int	null		4	31	null
t004	int	null		4	35	null
t005	ptr(int)	null		4	39	null
t006	double	null		8	43	null
t007	double	null		8	51	null

+++++++++++++++++++++++++++++++++++++++++++++++++++++++++++++++++++++++++++++++++++++
==========================================================================================================================================================

+++++++++++++++++++++++++++++++++++++++++++++++++++++++++++++++++++++++++++++++++++++
Symbol Table : main
Name	Type	Initial Value	Size	Offset	Nested Table
retVal	int	null		4	0	null
i	int	null		4	-4	null
f	int	null		4	-8	null
c	char	null		1	-9	null
t000	char	a		1	-10	null
t001	char	null		1	-11	null
t002	ptr(int)	null		4	-15	null
t003	int	null		4	-19	null
t004	int	null		4	-23	null
t005	ptr(int)	null		4	-27	null
t006	double	null		8	-35	null
t007	double	null		8	-43	null

+++++++++++++++++++++++++++++++++++++++++++++++++++++++++++++++++++++++++++++++++++++
