Testing
==============================================================================
	GENERATED QUADS	
  0. :t000	=	& num
  1. :param	t000
  2. :t001	=	call readInt, 1
  3. :param	num
  4. :t002	=	call factorial, 1
  5. :out		=	t002
  6. :t003	=	t002
  7. :param	out
  8. :t004	=	call printInt, 1
  9. :t005	=	0
 10. :return	t005
 11. :t006	=	0
 12. :if  n ==t006	goto 15
 13. :goto 18
 14. :goto 18
 15. :t007	=	1
 16. :return	t007
 17. :goto 18
 18. :t008	=	1
 19. :t009	=	n - t008
 20. :param	t009
 21. :t010	=	call factorial, 1
 22. :t011	=	n * t010
 23. :return	t011
==============================================================================Symbol table Maintained For the Given Program

+++++++++++++++++++++++++++++++++++++++++++++++++++++++++++++++++++++++++++++++++++++
Symbol Table : Global
Name	Type	Initial Value	Size	Offset	Nested Table
printInt	int	null		0	0	ptr-to-ST( Global )
readInt	int	null		0	0	ptr-to-ST( Global )
printFlt	double	null		0	0	ptr-to-ST( Global )
readFlt	double	null		0	0	ptr-to-ST( Global )
printStr	int	null		0	0	ptr-to-ST( Global )
factorial	int	null		0	0	ptr-to-ST( factorial )
main	int	null		0	0	ptr-to-ST( main )

+++++++++++++++++++++++++++++++++++++++++++++++++++++++++++++++++++++++++++++++++++++

+++++++++++++++++++++++++++++++++++++++++++++++++++++++++++++++++++++++++++++++++++++
Symbol Table : Global
Name	Type	Initial Value	Size	Offset	Nested Table
printInt	int	null		0	0	ptr-to-ST( Global )
readInt	int	null		0	0	ptr-to-ST( Global )
printFlt	double	null		0	0	ptr-to-ST( Global )
readFlt	double	null		0	0	ptr-to-ST( Global )
printStr	int	null		0	0	ptr-to-ST( Global )
factorial	int	null		0	0	ptr-to-ST( factorial )
main	int	null		0	0	ptr-to-ST( main )

+++++++++++++++++++++++++++++++++++++++++++++++++++++++++++++++++++++++++++++++++++++

+++++++++++++++++++++++++++++++++++++++++++++++++++++++++++++++++++++++++++++++++++++
Symbol Table : Global
Name	Type	Initial Value	Size	Offset	Nested Table
printInt	int	null		0	0	ptr-to-ST( Global )
readInt	int	null		0	0	ptr-to-ST( Global )
printFlt	double	null		0	0	ptr-to-ST( Global )
readFlt	double	null		0	0	ptr-to-ST( Global )
printStr	int	null		0	0	ptr-to-ST( Global )
factorial	int	null		0	0	ptr-to-ST( factorial )
main	int	null		0	0	ptr-to-ST( main )

+++++++++++++++++++++++++++++++++++++++++++++++++++++++++++++++++++++++++++++++++++++

+++++++++++++++++++++++++++++++++++++++++++++++++++++++++++++++++++++++++++++++++++++
Symbol Table : Global
Name	Type	Initial Value	Size	Offset	Nested Table
printInt	int	null		0	0	ptr-to-ST( Global )
readInt	int	null		0	0	ptr-to-ST( Global )
printFlt	double	null		0	0	ptr-to-ST( Global )
readFlt	double	null		0	0	ptr-to-ST( Global )
printStr	int	null		0	0	ptr-to-ST( Global )
factorial	int	null		0	0	ptr-to-ST( factorial )
main	int	null		0	0	ptr-to-ST( main )

+++++++++++++++++++++++++++++++++++++++++++++++++++++++++++++++++++++++++++++++++++++

+++++++++++++++++++++++++++++++++++++++++++++++++++++++++++++++++++++++++++++++++++++
Symbol Table : Global
Name	Type	Initial Value	Size	Offset	Nested Table
printInt	int	null		0	0	ptr-to-ST( Global )
readInt	int	null		0	0	ptr-to-ST( Global )
printFlt	double	null		0	0	ptr-to-ST( Global )
readFlt	double	null		0	0	ptr-to-ST( Global )
printStr	int	null		0	0	ptr-to-ST( Global )
factorial	int	null		0	0	ptr-to-ST( factorial )
main	int	null		0	0	ptr-to-ST( main )

+++++++++++++++++++++++++++++++++++++++++++++++++++++++++++++++++++++++++++++++++++++

+++++++++++++++++++++++++++++++++++++++++++++++++++++++++++++++++++++++++++++++++++++
Symbol Table : Global
Name	Type	Initial Value	Size	Offset	Nested Table
printInt	int	null		0	0	ptr-to-ST( Global )
readInt	int	null		0	0	ptr-to-ST( Global )
printFlt	double	null		0	0	ptr-to-ST( Global )
readFlt	double	null		0	0	ptr-to-ST( Global )
printStr	int	null		0	0	ptr-to-ST( Global )
factorial	int	null		0	0	ptr-to-ST( factorial )
main	int	null		0	0	ptr-to-ST( main )

+++++++++++++++++++++++++++++++++++++++++++++++++++++++++++++++++++++++++++++++++++++

+++++++++++++++++++++++++++++++++++++++++++++++++++++++++++++++++++++++++++++++++++++
Symbol Table : factorial
Name	Type	Initial Value	Size	Offset	Nested Table
retVal	int	null		4	0	null
n	int	null		4	-4	null
t006	int	0		4	16	null
t007	int	1		4	20	null
t008	int	1		4	24	null
t009	int	null		4	28	null
t010	int	null		4	32	null
t011	int	null		4	36	null

+++++++++++++++++++++++++++++++++++++++++++++++++++++++++++++++++++++++++++++++++++++

+++++++++++++++++++++++++++++++++++++++++++++++++++++++++++++++++++++++++++++++++++++
Symbol Table : main
Name	Type	Initial Value	Size	Offset	Nested Table
retVal	int	null		4	0	null
num	int	null		4	16	null
out	int	null		4	20	null
t000	ptr(int)	null		4	24	null
t001	int	null		4	28	null
t002	int	null		4	32	null
t003	int	null		4	36	null
t004	int	null		4	40	null
t005	int	0		4	44	null

+++++++++++++++++++++++++++++++++++++++++++++++++++++++++++++++++++++++++++++++++++++
==========================================================================================================================================================

+++++++++++++++++++++++++++++++++++++++++++++++++++++++++++++++++++++++++++++++++++++
Symbol Table : factorial
Name	Type	Initial Value	Size	Offset	Nested Table
retVal	int	null		4	0	null
n	int	null		4	-4	null
t006	int	0		4	-8	null
t007	int	1		4	-12	null
t008	int	1		4	-16	null
t009	int	null		4	-20	null
t010	int	null		4	-24	null
t011	int	null		4	-28	null

+++++++++++++++++++++++++++++++++++++++++++++++++++++++++++++++++++++++++++++++++++++

+++++++++++++++++++++++++++++++++++++++++++++++++++++++++++++++++++++++++++++++++++++
Symbol Table : main
Name	Type	Initial Value	Size	Offset	Nested Table
retVal	int	null		4	0	null
num	int	null		4	-4	null
out	int	null		4	-8	null
t000	ptr(int)	null		4	-12	null
t001	int	null		4	-16	null
t002	int	null		4	-20	null
t003	int	null		4	-24	null
t004	int	null		4	-28	null
t005	int	0		4	-32	null

+++++++++++++++++++++++++++++++++++++++++++++++++++++++++++++++++++++++++++++++++++++
