------------------------------------------------------------------------------
	GENERATED QUADS	
  0. :t000	=	0
  1. :j		=	t000
  2. :t001	=	0
  3. :k		=	t001
  4. :t002	=	0
  5. :i		=	t002
  6. :t003	=	1
  7. :i		=	t003
  8. :t004	=	t003
  9. :t005	=	10
 10. :if  i <=t005	goto 16
 11. :goto 21
 12. :goto 21
 13. :t006	=	i
 14. :i	=	i + 1
 15. :goto 9
 16. :t007	=	1
 17. :t008	=	j + t007
 18. :j		=	t008
 19. :t009	=	t008
 20. :goto 13
 21. :t010	=	0
 22. :if  j !=t010	goto 25
 23. :goto 30
 24. :goto 30
 25. :t011	=	1
 26. :t012	=	j - t011
 27. :j		=	t012
 28. :t013	=	t012
 29. :goto 21
 30. :t014	=	10
 31. :i		=	t014
 32. :t015	=	t014
 33. :t016	=	i
 34. :i	=	i - 1
 35. :t017	=	1
 36. :if  i >t017	goto 33
 37. :goto 39
 38. :goto 39
 39. :t018	=	0
 40. :return	t018
------------------------------------------------------------------------------Symbol table Maintained For the Given Program

+++++++++++++++++++++++++++++++++++++++++++++++++++++++++++++++++++++++++++++++++++++
Symbol Table : Global
Name	Type	Initial Value	Size	Offset	Nested Table
main	int	null		0	0	ptr-to-ST( main )

+++++++++++++++++++++++++++++++++++++++++++++++++++++++++++++++++++++++++++++++++++++

+++++++++++++++++++++++++++++++++++++++++++++++++++++++++++++++++++++++++++++++++++++
Symbol Table : main
Name	Type	Initial Value	Size	Offset	Nested Table
retVal	int	null		3	0	null
i	int	0		3	20	null
j	int	0		3	6	null
t000	int	0		4	9	null
k	int	0		3	13	null
t001	int	0		4	16	null
t002	int	0		4	23	null
t003	int	1		4	27	null
t004	int	null		4	31	null
t005	int	10		4	35	null
t006	int	null		4	39	null
t007	int	1		4	43	null
t008	int	null		4	47	null
t009	int	null		4	51	null
t010	int	0		4	55	null
t011	int	1		4	59	null
t012	int	null		4	63	null
t013	int	null		4	67	null
t014	int	10		4	71	null
t015	int	null		4	75	null
t016	int	null		4	79	null
t017	int	1		4	83	null
t018	int	0		4	87	null

+++++++++++++++++++++++++++++++++++++++++++++++++++++++++++++++++++++++++++++++++++++
------------------------------------------------------------------------------