------------------------------------------------------------------------------
	GENERATED QUADS	
  0. :t000	=	1
  1. :number1	=	t000
  2. :t001	=	2
  3. :number2	=	t001
  4. :if  number1 >number2	goto 7
  5. :goto 21
  6. :goto 26
  7. :if  number1 ==number2	goto 10
  8. :goto 15
  9. :goto 20
 10. :t002	=	1
 11. :t003	=	number2 + t002
 12. :number2	=	t003
 13. :t004	=	t003
 14. :goto -1
 15. :t005	=	1
 16. :t006	=	number1 + t005
 17. :number1	=	t006
 18. :t007	=	t006
 19. :goto -1
 20. :goto 26
 21. :t008	=	2
 22. :t009	=	number2 + t008
 23. :number2	=	t009
 24. :t010	=	t009
 25. :goto 26
 26. :t011	=	0
 27. :return	t011
------------------------------------------------------------------------------Symbol table Maintained For the Given Program

+++++++++++++++++++++++++++++++++++++++++++++++++++++++++++++++++++++++++++++++++++++
Symbol Table : Global
Name	Type	Initial Value	Size	Offset	Nested Table
main	int	null		0	0	ptr-to-ST( main )

+++++++++++++++++++++++++++++++++++++++++++++++++++++++++++++++++++++++++++++++++++++

+++++++++++++++++++++++++++++++++++++++++++++++++++++++++++++++++++++++++++++++++++++
Symbol Table : main
Name	Type	Initial Value	Size	Offset	Nested Table
retVal	int	null		3	0	null
number1	int	1		3	3	null
t000	int	1		4	6	null
number2	int	2		3	10	null
t001	int	2		4	13	null
t002	int	1		4	17	null
t003	int	null		4	21	null
t004	int	null		4	25	null
t005	int	1		4	29	null
t006	int	null		4	33	null
t007	int	null		4	37	null
t008	int	2		4	41	null
t009	int	null		4	45	null
t010	int	null		4	49	null
t011	int	0		4	53	null

+++++++++++++++++++++++++++++++++++++++++++++++++++++++++++++++++++++++++++++++++++++
------------------------------------------------------------------------------